c:\users\joe71\documents\500083\acw_sudoku - template\debug\vc141.pdb
c:\users\joe71\documents\500083\acw_sudoku - template\debug\vc141.idb
c:\users\joe71\documents\500083\acw_sudoku - template\debug\sudokupuzzle.obj
c:\users\joe71\documents\500083\acw_sudoku - template\debug\main.obj
c:\users\joe71\documents\500083\acw_sudoku - template\debug\cell.obj
c:\users\joe71\documents\500083\sudokusolver\debug\vc141.pdb
c:\users\joe71\documents\500083\sudokusolver\debug\vc141.idb
c:\users\joe71\documents\500083\sudokusolver\debug\sudokupuzzle.obj
c:\users\joe71\documents\500083\sudokusolver\debug\main.obj
c:\users\joe71\documents\500083\sudokusolver\debug\cell.obj
c:\users\joe71\documents\500083\acw_sudoku - template\debug\sudoku.exe
c:\users\joe71\documents\500083\acw_sudoku - template\debug\sudoku.ilk
c:\users\joe71\documents\500083\acw_sudoku - template\debug\sudoku.pdb
c:\users\joe71\documents\500083\sudokusolver\debug\sudoku.exe
c:\users\joe71\documents\500083\sudokusolver\debug\sudoku.ilk
c:\users\joe71\documents\500083\sudokusolver\debug\sudoku.pdb
c:\users\joe71\documents\500083\sudokusolver\debug\sudoku.tlog\cl.command.1.tlog
c:\users\joe71\documents\500083\sudokusolver\debug\sudoku.tlog\cl.read.1.tlog
c:\users\joe71\documents\500083\sudokusolver\debug\sudoku.tlog\cl.write.1.tlog
c:\users\joe71\documents\500083\sudokusolver\debug\sudoku.tlog\link.command.1.tlog
c:\users\joe71\documents\500083\sudokusolver\debug\sudoku.tlog\link.read.1.tlog
c:\users\joe71\documents\500083\sudokusolver\debug\sudoku.tlog\link.write.1.tlog
